<?xml version="1.0" encoding="UTF-8"?>
<!-- Generated by org.testng.reporters.JUnitXMLReporter -->
<testsuite ignored="0" hostname="LAP043" failures="1" tests="2" name="ExtentReportsClass" time="0.995" errors="0" timestamp="2022-05-25T21:59:32 IST">
  <testcase classname="com.automation.animalbiome.ExtentReportsClass" name="OpeningWebApplication" time="0.016"/>
  <testcase classname="com.automation.animalbiome.ExtentReportsClass" name="SignupProcess" time="0.005">
    <failure type="java.lang.AssertionError" message="expected [true] but found [false]">
      <![CDATA[java.lang.AssertionError: expected [true] but found [false]
at com.automation.animalbiome.ExtentReportsClass.SignupProcess(ExtentReportsClass.java:44)
at java.base/java.util.ArrayList.forEach(ArrayList.java:1511)
... Removed 31 stack frames]]>
    </failure>
  </testcase> <!-- SignupProcess -->
</testsuite> <!-- ExtentReportsClass -->
